#~type:{shell.log}
##host:boo
##nobackup##
bash: cannot set terminal process group (-1): Inappropriate ioctl for device
bash: no job control in this shell
#host:boo
#time:131222-100907
#pwd://boo/e/.p/f/d
100907 1 d $ echo $PATH
.:/cygdrive/d/E/Emacs/emacs/bin:/cygdrive/d/bin:/cygdrive/d/p/perl/bin:/usr/bin:/cygdrive/d/G/Git/bin:/cygdrive/c/WINDOWS/system32:/cygdrive/c/WINDOWS:/cygdrive/c/WINDOWS/system32/WindowsPowerShell/v1.0:/cygdrive/d/p/postgreSQL/9.2/bin
100914 2 d $ git
usage: git [--version] [--exec-path[=<path>]] [--html-path] [--man-path] [--info-path]
           [-p|--paginate|--no-pager] [--no-replace-objects] [--bare]
           [--git-dir=<path>] [--work-tree=<path>] [--namespace=<name>]
           [-c name=value] [--help]
           <command> [<args>]

The most commonly used git commands are:
   add        Add file contents to the index
   bisect     Find by binary search the change that introduced a bug
   branch     List, create, or delete branches
   checkout   Checkout a branch or paths to the working tree
   clone      Clone a repository into a new directory
   commit     Record changes to the repository
   diff       Show changes between commits, commit and working tree, etc
   fetch      Download objects and refs from another repository
   grep       Print lines matching a pattern
   init       Create an empty git repository or reinitialize an existing one
   log        Show commit logs
   merge      Join two or more development histories together
   mv         Move or rename a file, a directory, or a symlink
   pull       Fetch from and merge with another repository or a local branch
   push       Update remote refs along with associated objects
   rebase     Forward-port local commits to the updated upstream head
   reset      Reset current HEAD to the specified state
   rm         Remove files from the working tree and from the index
   show       Show various types of objects
   status     Show the working tree status
   tag        Create, list, delete or verify a tag object signed with GPG

See 'git help <command>' for more information on a specific command.
100917 3 d $ cd ..
120759 4 f $ cd ../libnpu/
120804 5 libnpu $ mkdir .log
120834 6 libnpu $ 
